<?xml version="1.0" encoding="UTF-8"?>
<!-- Generated by org.testng.reporters.JUnitXMLReporter -->
<testsuite ignored="0" hostname="DESKTOP-ACQ0GTV" failures="1" tests="2" name="Test" time="26.337" errors="0" timestamp="2022-10-17T17:37:01 IST">
  <testcase classname="testCases.LoginFunctionality" name="LoginValidCredentails" time="13.148"/>
  <testcase classname="testCases.LoginFunctionality" name="LoginInvalidCredentails" time="0.141">
    <failure type="java.lang.IllegalArgumentException" message="Keys to send should be a not null CharSequence">
      <![CDATA[java.lang.IllegalArgumentException: Keys to send should be a not null CharSequence
at org.openqa.selenium.remote.RemoteWebElement.sendKeys(RemoteWebElement.java:98)
at org.openqa.selenium.support.pagefactory.internal.LocatingElementHandler.invoke(LocatingElementHandler.java:52)
at com.sun.proxy.$Proxy33.sendKeys(Unknown Source)
at pages.LoginPage.loginCred(LoginPage.java:31)
at testCases.LoginFunctionality.LoginInvalidCredentails(LoginFunctionality.java:72)
at java.base/java.util.ArrayList.forEach(ArrayList.java:1541)
... Removed 31 stack frames]]>
    </failure>
  </testcase> <!-- LoginInvalidCredentails -->
</testsuite> <!-- Test -->
