<?xml version="1.0" encoding="UTF-8"?>
<!-- Generated by org.testng.reporters.JUnitXMLReporter -->
<testsuite ignored="0" hostname="DESKTOP-ACQ0GTV" failures="1" tests="3" name="Test" time="52.351" errors="0" timestamp="2022-10-27T18:28:52 IST">
  <testcase classname="testCases.LoginFunctionality" name="VerifyVaildLogin" time="8.949"/>
  <testcase classname="testCases.LoginFunctionality" name="VerifyInvalidCred" time="4.561"/>
  <testcase classname="testCases.LoginFunctionality" name="verifyHomePage" time="8.81">
    <failure type="java.lang.AssertionError" message="expected [AssetPanda - Management System12345] but found [AssetPanda - Management System]">
      <![CDATA[java.lang.AssertionError: expected [AssetPanda - Management System12345] but found [AssetPanda - Management System]
at testCases.LoginFunctionality.verifyHomePage(LoginFunctionality.java:78)
at java.base/java.util.ArrayList.forEach(ArrayList.java:1541)
... Removed 33 stack frames]]>
    </failure>
  </testcase> <!-- verifyHomePage -->
</testsuite> <!-- Test -->
